<?xml version="1.0" encoding="UTF-8"?>
<robot generator="Robot 4.0 (Python 3.13.0 on win32)" generated="20241129 22:46:39.615" rpa="false" schemaversion="2">
<suite id="s1" name="Robot with python request" source="E:\pythonProject\Robot_with_python_request">
<suite id="s1-s1" name="FeatureFile" source="E:\pythonProject\Robot_with_python_request\FeatureFile">
<suite id="s1-s1-s1" name="TestAPI" source="E:\pythonProject\Robot_with_python_request\FeatureFile\TestAPI.robot">
<test id="s1-s1-s1-t1" name="To Validate Countries Response">
<kw name="Verify The Actual And Expected Response For Country" library="test">
<arg>sweden</arg>
<msg timestamp="20241129 22:46:41.563" level="INFO">sweden
Original Json
[{'name': {'common': 'Sweden', 'official': 'Kingdom of Sweden', 'nativeName': {'swe': {'official': 'Konungariket Sverige', 'common': 'Sverige'}}}, 'tld': ['.se'], 'cca2': 'SE', 'ccn3': '752', 'cca3': 'SWE', 'cioc': 'SWE', 'independent': True, 'status': 'officially-assigned', 'unMember': True, 'currencies': {'SEK': {'name': 'Swedish krona', 'symbol': 'kr'}}, 'idd': {'root': '+4', 'suffixes': ['6']}, 'capital': ['Stockholm'], 'altSpellings': ['SE', 'Kingdom of Sweden', 'Konungariket Sverige'], 'region': 'Europe', 'subregion': 'Northern Europe', 'languages': {'swe': 'Swedish'}, 'translations': {'ara': {'official': 'مملكة السويد', 'common': 'السويد'}, 'bre': {'official': 'Rouantelezh Sveden', 'common': 'Sveden'}, 'ces': {'official': 'Švédské království', 'common': 'Švédsko'}, 'cym': {'official': 'Kingdom of Sweden', 'common': 'Sweden'}, 'deu': {'official': 'Königreich Schweden', 'common': 'Schweden'}, 'est': {'official': 'Rootsi Kuningriik', 'common': 'Rootsi'}, 'fin': {'official': 'Ruotsin kuningaskunta', 'common': 'Ruotsi'}, 'fra': {'official': 'Royaume de Suède', 'common': 'Suède'}, 'hrv': {'official': 'Kraljevina Švedska', 'common': 'Švedska'}, 'hun': {'official': 'Svéd Királyság', 'common': 'Svédország'}, 'ita': {'official': 'Regno di Svezia', 'common': 'Svezia'}, 'jpn': {'official': 'スウェーデン王国', 'common': 'スウェーデン'}, 'kor': {'official': '스웨덴 왕국', 'common': '스웨덴'}, 'nld': {'official': 'Koninkrijk Zweden', 'common': 'Zweden'}, 'per': {'official': 'پادشاهی سوئد', 'common': 'سوئد'}, 'pol': {'official': 'Królestwo Szwecji', 'common': 'Szwecja'}, 'por': {'official': 'Reino da Suécia', 'common': 'Suécia'}, 'rus': {'official': 'Королевство Швеция', 'common': 'Швеция'}, 'slk': {'official': 'Švédske kráľovstvo', 'common': 'Švédsko'}, 'spa': {'official': 'Reino de Suecia', 'common': 'Suecia'}, 'srp': {'official': 'Краљевина Шведска', 'common': 'Шведска'}, 'swe': {'official': 'Konungariket Sverige', 'common': 'Sverige'}, 'tur': {'official': 'İsveç Krallığı', 'common': 'İsveç'}, 'urd': {'official': 'مملکتِ سویڈن', 'common': 'سویڈن'}, 'zho': {'official': '瑞典王国', 'common': '瑞典'}}, 'latlng': [62.0, 15.0], 'landlocked': False, 'borders': ['FIN', 'NOR'], 'area': 450295.0, 'demonyms': {'eng': {'f': 'Swedish', 'm': 'Swedish'}, 'fra': {'f': 'Suédoise', 'm': 'Suédois'}}, 'flag': '🇸🇪', 'maps': {'googleMaps': 'https://goo.gl/maps/iqygE491ADVgnBW39', 'openStreetMaps': 'https://www.openstreetmap.org/relation/52822'}, 'population': 10353442, 'gini': {'2018': 30.0}, 'fifa': 'SWE', 'car': {'signs': ['S'], 'side': 'right'}, 'timezones': ['UTC+01:00'], 'continents': ['Europe'], 'flags': {'png': 'https://flagcdn.com/w320/se.png', 'svg': 'https://flagcdn.com/se.svg', 'alt': 'The flag of Sweden has a blue field with a large golden-yellow cross that extend to the edges of the field. The vertical part of this cross is offset towards the hoist side.'}, 'coatOfArms': {'png': 'https://mainfacts.com/media/images/coats_of_arms/se.png', 'svg': 'https://mainfacts.com/media/images/coats_of_arms/se.svg'}, 'startOfWeek': 'monday', 'capitalInfo': {'latlng': [59.33, 18.05]}, 'postalCode': {'format': 'SE-### ##', 'regex': '^(?:SE)*(\\d{5})$'}}]
--------------Expected Json-----------------------
[{'name': {'common': 'Sweden', 'official': 'Kingdom of Sweden', 'nativeName': {'swe': {'official': 'Konungariket Sverige', 'common': 'Sverige'}}}, 'tld': ['.se'], 'cca2': 'SE', 'ccn3': '752', 'cca3': 'SWE', 'cioc': 'SWE', 'independent': True, 'status': 'officially-assigned', 'unMember': True, 'currencies': {'SEK': {'name': 'Swedish krona', 'symbol': 'kr'}}, 'idd': {'root': '+4', 'suffixes': ['6']}, 'capital': ['Stockholm'], 'altSpellings': ['SE', 'Kingdom of Sweden', 'Konungariket Sverige'], 'region': 'Europe', 'subregion': 'Northern Europe', 'languages': {'swe': 'Swedish'}, 'translations': {'ara': {'official': 'مملكة السويد', 'common': 'السويد'}, 'bre': {'official': 'Rouantelezh Sveden', 'common': 'Sveden'}, 'ces': {'official': 'Švédské království', 'common': 'Švédsko'}, 'cym': {'official': 'Kingdom of Sweden', 'common': 'Sweden'}, 'deu': {'official': 'Königreich Schweden', 'common': 'Schweden'}, 'est': {'official': 'Rootsi Kuningriik', 'common': 'Rootsi'}, 'fin': {'official': 'Ruotsin kuningaskunta', 'common': 'Ruotsi'}, 'fra': {'official': 'Royaume de Suède', 'common': 'Suède'}, 'hrv': {'official': 'Kraljevina Švedska', 'common': 'Švedska'}, 'hun': {'official': 'Svéd Királyság', 'common': 'Svédország'}, 'ita': {'official': 'Regno di Svezia', 'common': 'Svezia'}, 'jpn': {'official': 'スウェーデン王国', 'common': 'スウェーデン'}, 'kor': {'official': '스웨덴 왕국', 'common': '스웨덴'}, 'nld': {'official': 'Koninkrijk Zweden', 'common': 'Zweden'}, 'per': {'official': 'پادشاهی سوئد', 'common': 'سوئد'}, 'pol': {'official': 'Królestwo Szwecji', 'common': 'Szwecja'}, 'por': {'official': 'Reino da Suécia', 'common': 'Suécia'}, 'rus': {'official': 'Королевство Швеция', 'common': 'Швеция'}, 'slk': {'official': 'Švédske kráľovstvo', 'common': 'Švédsko'}, 'spa': {'official': 'Reino de Sucia', 'common': 'Suecia'}, 'srp': {'official': 'Краљевина Шведска', 'common': 'Шведска'}, 'swe': {'official': 'Konungariket Sverige', 'common': 'Sverige'}, 'tur': {'official': 'İsveç Krallığı', 'common': 'İsveç'}, 'urd': {'official': 'مملکتِ سویڈن', 'common': 'سویڈن'}, 'zho': {'official': '瑞典王国', 'common': '瑞典'}}, 'latlng': [62, 15], 'landlocked': False, 'borders': ['FIN', 'NOR'], 'area': 450295, 'demonyms': {'eng': {'f': 'Swedish', 'm': 'Swedish'}, 'fra': {'f': 'Suédoise', 'm': 'Suédoi'}}, 'flag': '🇸🇪', 'maps': {'googleMaps': 'https://goo.gl/maps/iqygE491ADVgnBW39', 'openStreetMaps': 'https://www.openstreetmap.org/relation/52822'}, 'population': 10353442, 'gini': {'2018': 30}, 'fifa': 'SWE', 'car': {'signs': ['S'], 'side': 'right'}, 'timezones': ['UTC+01:00'], 'continents': ['Europe'], 'flags': {'png': 'https://flagcdn.com/w320/se.png', 'svg': 'https://flagcdn.com/se.svg', 'alt': 'The flag of Sweden has a blue field with a large golden-yellow cross that extend to the edges of the field. The vertical part of this cross is offset towards the hoist side.'}, 'coatOfArms': {'png': 'https://mainfacts.com/media/images/coats_of_arms/se.png', 'svg': 'https://mainfacts.com/media/images/coats_of_arms/se.svg'}, 'startOfWeek': 'monday', 'capitalInfo': {'latlng': [59.33, 18.05]}, 'postalCode': {'format': 'SE-### ##', 'regex': '^(?:SE)*(\\d{5})$'}}]
----------Printing Differance--------------
{'type_changes': {"root[0]['area']": {'old_type': &lt;class 'float'&gt;, 'new_type': &lt;class 'int'&gt;, 'old_value': 450295.0, 'new_value': 450295}, "root[0]['gini']['2018']": {'old_type': &lt;class 'float'&gt;, 'new_type': &lt;class 'int'&gt;, 'old_value': 30.0, 'new_value': 30}}, 'values_changed': {"root[0]['translations']['spa']['official']": {'new_value': 'Reino de Sucia', 'old_value': 'Reino de Suecia'}, "root[0]['demonyms']['fra']['m']": {'new_value': 'Suédoi', 'old_value': 'Suédois'}}}</msg>
<status status="PASS" starttime="20241129 22:46:40.135" endtime="20241129 22:46:41.564"/>
</kw>
<status status="PASS" starttime="20241129 22:46:40.134" endtime="20241129 22:46:41.564"/>
</test>
<status status="PASS" starttime="20241129 22:46:39.649" endtime="20241129 22:46:41.565"/>
</suite>
<status status="PASS" starttime="20241129 22:46:39.648" endtime="20241129 22:46:41.567"/>
</suite>
<status status="PASS" starttime="20241129 22:46:39.616" endtime="20241129 22:46:41.568"/>
</suite>
<statistics>
<total>
<stat pass="1" fail="0" skip="0">All Tests</stat>
</total>
<tag>
</tag>
<suite>
<stat pass="1" fail="0" skip="0" id="s1" name="Robot with python request">Robot with python request</stat>
<stat pass="1" fail="0" skip="0" id="s1-s1" name="FeatureFile">Robot with python request.FeatureFile</stat>
<stat pass="1" fail="0" skip="0" id="s1-s1-s1" name="TestAPI">Robot with python request.FeatureFile.TestAPI</stat>
</suite>
</statistics>
<errors>
</errors>
</robot>
